-------------------------------------------------------------------------------
Test set: com.example.AppTest
-------------------------------------------------------------------------------
Tests run: 3, Failures: 0, Errors: 3, Skipped: 0, Time elapsed: 1.075 s <<< FAILURE! - in com.example.AppTest
testVisitHome(com.example.AppTest)  Time elapsed: 0.001 s  <<< ERROR!
java.lang.IllegalStateException: Failed to load ApplicationContext
Caused by: org.springframework.beans.factory.xml.XmlBeanDefinitionStoreException: Line 25 in XML document from class path resource [WEB-INF/security.xml] is invalid; nested exception is org.xml.sax.SAXParseException; lineNumber: 25; columnNumber: 44; cvc-complex-type.2.3: Element 'security:authentication-provider' cannot have character [children], because the type's content type is element-only.
Caused by: org.xml.sax.SAXParseException: cvc-complex-type.2.3: Element 'security:authentication-provider' cannot have character [children], because the type's content type is element-only.

testAuthenticationWithInvalidPassword(com.example.AppTest)  Time elapsed: 0 s  <<< ERROR!
java.lang.IllegalStateException: Failed to load ApplicationContext
Caused by: org.springframework.beans.factory.xml.XmlBeanDefinitionStoreException: Line 25 in XML document from class path resource [WEB-INF/security.xml] is invalid; nested exception is org.xml.sax.SAXParseException; lineNumber: 25; columnNumber: 44; cvc-complex-type.2.3: Element 'security:authentication-provider' cannot have character [children], because the type's content type is element-only.
Caused by: org.xml.sax.SAXParseException: cvc-complex-type.2.3: Element 'security:authentication-provider' cannot have character [children], because the type's content type is element-only.

testAuthenticationWithCorrectUsernameAndPassword(com.example.AppTest)  Time elapsed: 0 s  <<< ERROR!
java.lang.IllegalStateException: Failed to load ApplicationContext
Caused by: org.springframework.beans.factory.xml.XmlBeanDefinitionStoreException: Line 25 in XML document from class path resource [WEB-INF/security.xml] is invalid; nested exception is org.xml.sax.SAXParseException; lineNumber: 25; columnNumber: 44; cvc-complex-type.2.3: Element 'security:authentication-provider' cannot have character [children], because the type's content type is element-only.
Caused by: org.xml.sax.SAXParseException: cvc-complex-type.2.3: Element 'security:authentication-provider' cannot have character [children], because the type's content type is element-only.

