-------------------------------------------------------------------------------
Test set: com.example.AppTest
-------------------------------------------------------------------------------
Tests run: 3, Failures: 1, Errors: 0, Skipped: 0, Time elapsed: 1.111 s <<< FAILURE! - in com.example.AppTest
testVisitHome(com.example.AppTest)  Time elapsed: 0.041 s  <<< FAILURE!
java.lang.AssertionError: Status expected:<200> but was:<404>
	at com.example.AppTest.testVisitHome(AppTest.java:51)

