-------------------------------------------------------------------------------
Test set: com.example.AppTest
-------------------------------------------------------------------------------
Tests run: 3, Failures: 0, Errors: 3, Skipped: 0, Time elapsed: 1.878 s <<< FAILURE! - in com.example.AppTest
testVisitHome(com.example.AppTest)  Time elapsed: 0.002 s  <<< ERROR!
java.lang.IllegalStateException: Failed to load ApplicationContext
Caused by: org.springframework.beans.factory.BeanCreationException: Error creating bean with name 'org.springframework.security.filterChains': Cannot resolve reference to bean 'org.springframework.security.web.DefaultSecurityFilterChain#0' while setting bean property 'sourceList' with key [0]; nested exception is org.springframework.beans.factory.BeanCreationException: Error creating bean with name 'org.springframework.security.web.DefaultSecurityFilterChain#0': Cannot resolve reference to bean 'org.springframework.security.web.authentication.UsernamePasswordAuthenticationFilter#0' while setting constructor argument with key [4]; nested exception is org.springframework.beans.factory.BeanCreationException: Error creating bean with name 'org.springframework.security.web.authentication.UsernamePasswordAuthenticationFilter#0': Cannot resolve reference to bean 'org.springframework.security.authentication.ProviderManager#0' while setting bean property 'authenticationManager'; nested exception is org.springframework.beans.factory.BeanCreationException: Error creating bean with name 'org.springframework.security.authentication.ProviderManager#0': Cannot resolve reference to bean 'org.springframework.security.config.authentication.AuthenticationManagerFactoryBean#0' while setting constructor argument; nested exception is org.springframework.beans.factory.BeanCreationException: Error creating bean with name 'org.springframework.security.config.authentication.AuthenticationManagerFactoryBean#0': FactoryBean threw exception on object creation; nested exception is org.springframework.beans.factory.NoSuchBeanDefinitionException: No bean named 'org.springframework.security.authenticationManager' available: Did you forget to add a global <authentication-manager> element to your configuration (with child <authentication-provider> elements)? Alternatively you can use the authentication-manager-ref attribute on your <http> and <global-method-security> elements.
Caused by: org.springframework.beans.factory.BeanCreationException: Error creating bean with name 'org.springframework.security.web.DefaultSecurityFilterChain#0': Cannot resolve reference to bean 'org.springframework.security.web.authentication.UsernamePasswordAuthenticationFilter#0' while setting constructor argument with key [4]; nested exception is org.springframework.beans.factory.BeanCreationException: Error creating bean with name 'org.springframework.security.web.authentication.UsernamePasswordAuthenticationFilter#0': Cannot resolve reference to bean 'org.springframework.security.authentication.ProviderManager#0' while setting bean property 'authenticationManager'; nested exception is org.springframework.beans.factory.BeanCreationException: Error creating bean with name 'org.springframework.security.authentication.ProviderManager#0': Cannot resolve reference to bean 'org.springframework.security.config.authentication.AuthenticationManagerFactoryBean#0' while setting constructor argument; nested exception is org.springframework.beans.factory.BeanCreationException: Error creating bean with name 'org.springframework.security.config.authentication.AuthenticationManagerFactoryBean#0': FactoryBean threw exception on object creation; nested exception is org.springframework.beans.factory.NoSuchBeanDefinitionException: No bean named 'org.springframework.security.authenticationManager' available: Did you forget to add a global <authentication-manager> element to your configuration (with child <authentication-provider> elements)? Alternatively you can use the authentication-manager-ref attribute on your <http> and <global-method-security> elements.
Caused by: org.springframework.beans.factory.BeanCreationException: Error creating bean with name 'org.springframework.security.web.authentication.UsernamePasswordAuthenticationFilter#0': Cannot resolve reference to bean 'org.springframework.security.authentication.ProviderManager#0' while setting bean property 'authenticationManager'; nested exception is org.springframework.beans.factory.BeanCreationException: Error creating bean with name 'org.springframework.security.authentication.ProviderManager#0': Cannot resolve reference to bean 'org.springframework.security.config.authentication.AuthenticationManagerFactoryBean#0' while setting constructor argument; nested exception is org.springframework.beans.factory.BeanCreationException: Error creating bean with name 'org.springframework.security.config.authentication.AuthenticationManagerFactoryBean#0': FactoryBean threw exception on object creation; nested exception is org.springframework.beans.factory.NoSuchBeanDefinitionException: No bean named 'org.springframework.security.authenticationManager' available: Did you forget to add a global <authentication-manager> element to your configuration (with child <authentication-provider> elements)? Alternatively you can use the authentication-manager-ref attribute on your <http> and <global-method-security> elements.
Caused by: org.springframework.beans.factory.BeanCreationException: Error creating bean with name 'org.springframework.security.authentication.ProviderManager#0': Cannot resolve reference to bean 'org.springframework.security.config.authentication.AuthenticationManagerFactoryBean#0' while setting constructor argument; nested exception is org.springframework.beans.factory.BeanCreationException: Error creating bean with name 'org.springframework.security.config.authentication.AuthenticationManagerFactoryBean#0': FactoryBean threw exception on object creation; nested exception is org.springframework.beans.factory.NoSuchBeanDefinitionException: No bean named 'org.springframework.security.authenticationManager' available: Did you forget to add a global <authentication-manager> element to your configuration (with child <authentication-provider> elements)? Alternatively you can use the authentication-manager-ref attribute on your <http> and <global-method-security> elements.
Caused by: org.springframework.beans.factory.BeanCreationException: Error creating bean with name 'org.springframework.security.config.authentication.AuthenticationManagerFactoryBean#0': FactoryBean threw exception on object creation; nested exception is org.springframework.beans.factory.NoSuchBeanDefinitionException: No bean named 'org.springframework.security.authenticationManager' available: Did you forget to add a global <authentication-manager> element to your configuration (with child <authentication-provider> elements)? Alternatively you can use the authentication-manager-ref attribute on your <http> and <global-method-security> elements.
Caused by: org.springframework.beans.factory.NoSuchBeanDefinitionException: No bean named 'org.springframework.security.authenticationManager' available: Did you forget to add a global <authentication-manager> element to your configuration (with child <authentication-provider> elements)? Alternatively you can use the authentication-manager-ref attribute on your <http> and <global-method-security> elements.

testAuthenticationWithInvalidPassword(com.example.AppTest)  Time elapsed: 0.001 s  <<< ERROR!
java.lang.IllegalStateException: Failed to load ApplicationContext
Caused by: org.springframework.beans.factory.BeanCreationException: Error creating bean with name 'org.springframework.security.filterChains': Cannot resolve reference to bean 'org.springframework.security.web.DefaultSecurityFilterChain#0' while setting bean property 'sourceList' with key [0]; nested exception is org.springframework.beans.factory.BeanCreationException: Error creating bean with name 'org.springframework.security.web.DefaultSecurityFilterChain#0': Cannot resolve reference to bean 'org.springframework.security.web.authentication.UsernamePasswordAuthenticationFilter#0' while setting constructor argument with key [4]; nested exception is org.springframework.beans.factory.BeanCreationException: Error creating bean with name 'org.springframework.security.web.authentication.UsernamePasswordAuthenticationFilter#0': Cannot resolve reference to bean 'org.springframework.security.authentication.ProviderManager#0' while setting bean property 'authenticationManager'; nested exception is org.springframework.beans.factory.BeanCreationException: Error creating bean with name 'org.springframework.security.authentication.ProviderManager#0': Cannot resolve reference to bean 'org.springframework.security.config.authentication.AuthenticationManagerFactoryBean#0' while setting constructor argument; nested exception is org.springframework.beans.factory.BeanCreationException: Error creating bean with name 'org.springframework.security.config.authentication.AuthenticationManagerFactoryBean#0': FactoryBean threw exception on object creation; nested exception is org.springframework.beans.factory.NoSuchBeanDefinitionException: No bean named 'org.springframework.security.authenticationManager' available: Did you forget to add a global <authentication-manager> element to your configuration (with child <authentication-provider> elements)? Alternatively you can use the authentication-manager-ref attribute on your <http> and <global-method-security> elements.
Caused by: org.springframework.beans.factory.BeanCreationException: Error creating bean with name 'org.springframework.security.web.DefaultSecurityFilterChain#0': Cannot resolve reference to bean 'org.springframework.security.web.authentication.UsernamePasswordAuthenticationFilter#0' while setting constructor argument with key [4]; nested exception is org.springframework.beans.factory.BeanCreationException: Error creating bean with name 'org.springframework.security.web.authentication.UsernamePasswordAuthenticationFilter#0': Cannot resolve reference to bean 'org.springframework.security.authentication.ProviderManager#0' while setting bean property 'authenticationManager'; nested exception is org.springframework.beans.factory.BeanCreationException: Error creating bean with name 'org.springframework.security.authentication.ProviderManager#0': Cannot resolve reference to bean 'org.springframework.security.config.authentication.AuthenticationManagerFactoryBean#0' while setting constructor argument; nested exception is org.springframework.beans.factory.BeanCreationException: Error creating bean with name 'org.springframework.security.config.authentication.AuthenticationManagerFactoryBean#0': FactoryBean threw exception on object creation; nested exception is org.springframework.beans.factory.NoSuchBeanDefinitionException: No bean named 'org.springframework.security.authenticationManager' available: Did you forget to add a global <authentication-manager> element to your configuration (with child <authentication-provider> elements)? Alternatively you can use the authentication-manager-ref attribute on your <http> and <global-method-security> elements.
Caused by: org.springframework.beans.factory.BeanCreationException: Error creating bean with name 'org.springframework.security.web.authentication.UsernamePasswordAuthenticationFilter#0': Cannot resolve reference to bean 'org.springframework.security.authentication.ProviderManager#0' while setting bean property 'authenticationManager'; nested exception is org.springframework.beans.factory.BeanCreationException: Error creating bean with name 'org.springframework.security.authentication.ProviderManager#0': Cannot resolve reference to bean 'org.springframework.security.config.authentication.AuthenticationManagerFactoryBean#0' while setting constructor argument; nested exception is org.springframework.beans.factory.BeanCreationException: Error creating bean with name 'org.springframework.security.config.authentication.AuthenticationManagerFactoryBean#0': FactoryBean threw exception on object creation; nested exception is org.springframework.beans.factory.NoSuchBeanDefinitionException: No bean named 'org.springframework.security.authenticationManager' available: Did you forget to add a global <authentication-manager> element to your configuration (with child <authentication-provider> elements)? Alternatively you can use the authentication-manager-ref attribute on your <http> and <global-method-security> elements.
Caused by: org.springframework.beans.factory.BeanCreationException: Error creating bean with name 'org.springframework.security.authentication.ProviderManager#0': Cannot resolve reference to bean 'org.springframework.security.config.authentication.AuthenticationManagerFactoryBean#0' while setting constructor argument; nested exception is org.springframework.beans.factory.BeanCreationException: Error creating bean with name 'org.springframework.security.config.authentication.AuthenticationManagerFactoryBean#0': FactoryBean threw exception on object creation; nested exception is org.springframework.beans.factory.NoSuchBeanDefinitionException: No bean named 'org.springframework.security.authenticationManager' available: Did you forget to add a global <authentication-manager> element to your configuration (with child <authentication-provider> elements)? Alternatively you can use the authentication-manager-ref attribute on your <http> and <global-method-security> elements.
Caused by: org.springframework.beans.factory.BeanCreationException: Error creating bean with name 'org.springframework.security.config.authentication.AuthenticationManagerFactoryBean#0': FactoryBean threw exception on object creation; nested exception is org.springframework.beans.factory.NoSuchBeanDefinitionException: No bean named 'org.springframework.security.authenticationManager' available: Did you forget to add a global <authentication-manager> element to your configuration (with child <authentication-provider> elements)? Alternatively you can use the authentication-manager-ref attribute on your <http> and <global-method-security> elements.
Caused by: org.springframework.beans.factory.NoSuchBeanDefinitionException: No bean named 'org.springframework.security.authenticationManager' available: Did you forget to add a global <authentication-manager> element to your configuration (with child <authentication-provider> elements)? Alternatively you can use the authentication-manager-ref attribute on your <http> and <global-method-security> elements.

testAuthenticationWithCorrectUsernameAndPassword(com.example.AppTest)  Time elapsed: 0 s  <<< ERROR!
java.lang.IllegalStateException: Failed to load ApplicationContext
Caused by: org.springframework.beans.factory.BeanCreationException: Error creating bean with name 'org.springframework.security.filterChains': Cannot resolve reference to bean 'org.springframework.security.web.DefaultSecurityFilterChain#0' while setting bean property 'sourceList' with key [0]; nested exception is org.springframework.beans.factory.BeanCreationException: Error creating bean with name 'org.springframework.security.web.DefaultSecurityFilterChain#0': Cannot resolve reference to bean 'org.springframework.security.web.authentication.UsernamePasswordAuthenticationFilter#0' while setting constructor argument with key [4]; nested exception is org.springframework.beans.factory.BeanCreationException: Error creating bean with name 'org.springframework.security.web.authentication.UsernamePasswordAuthenticationFilter#0': Cannot resolve reference to bean 'org.springframework.security.authentication.ProviderManager#0' while setting bean property 'authenticationManager'; nested exception is org.springframework.beans.factory.BeanCreationException: Error creating bean with name 'org.springframework.security.authentication.ProviderManager#0': Cannot resolve reference to bean 'org.springframework.security.config.authentication.AuthenticationManagerFactoryBean#0' while setting constructor argument; nested exception is org.springframework.beans.factory.BeanCreationException: Error creating bean with name 'org.springframework.security.config.authentication.AuthenticationManagerFactoryBean#0': FactoryBean threw exception on object creation; nested exception is org.springframework.beans.factory.NoSuchBeanDefinitionException: No bean named 'org.springframework.security.authenticationManager' available: Did you forget to add a global <authentication-manager> element to your configuration (with child <authentication-provider> elements)? Alternatively you can use the authentication-manager-ref attribute on your <http> and <global-method-security> elements.
Caused by: org.springframework.beans.factory.BeanCreationException: Error creating bean with name 'org.springframework.security.web.DefaultSecurityFilterChain#0': Cannot resolve reference to bean 'org.springframework.security.web.authentication.UsernamePasswordAuthenticationFilter#0' while setting constructor argument with key [4]; nested exception is org.springframework.beans.factory.BeanCreationException: Error creating bean with name 'org.springframework.security.web.authentication.UsernamePasswordAuthenticationFilter#0': Cannot resolve reference to bean 'org.springframework.security.authentication.ProviderManager#0' while setting bean property 'authenticationManager'; nested exception is org.springframework.beans.factory.BeanCreationException: Error creating bean with name 'org.springframework.security.authentication.ProviderManager#0': Cannot resolve reference to bean 'org.springframework.security.config.authentication.AuthenticationManagerFactoryBean#0' while setting constructor argument; nested exception is org.springframework.beans.factory.BeanCreationException: Error creating bean with name 'org.springframework.security.config.authentication.AuthenticationManagerFactoryBean#0': FactoryBean threw exception on object creation; nested exception is org.springframework.beans.factory.NoSuchBeanDefinitionException: No bean named 'org.springframework.security.authenticationManager' available: Did you forget to add a global <authentication-manager> element to your configuration (with child <authentication-provider> elements)? Alternatively you can use the authentication-manager-ref attribute on your <http> and <global-method-security> elements.
Caused by: org.springframework.beans.factory.BeanCreationException: Error creating bean with name 'org.springframework.security.web.authentication.UsernamePasswordAuthenticationFilter#0': Cannot resolve reference to bean 'org.springframework.security.authentication.ProviderManager#0' while setting bean property 'authenticationManager'; nested exception is org.springframework.beans.factory.BeanCreationException: Error creating bean with name 'org.springframework.security.authentication.ProviderManager#0': Cannot resolve reference to bean 'org.springframework.security.config.authentication.AuthenticationManagerFactoryBean#0' while setting constructor argument; nested exception is org.springframework.beans.factory.BeanCreationException: Error creating bean with name 'org.springframework.security.config.authentication.AuthenticationManagerFactoryBean#0': FactoryBean threw exception on object creation; nested exception is org.springframework.beans.factory.NoSuchBeanDefinitionException: No bean named 'org.springframework.security.authenticationManager' available: Did you forget to add a global <authentication-manager> element to your configuration (with child <authentication-provider> elements)? Alternatively you can use the authentication-manager-ref attribute on your <http> and <global-method-security> elements.
Caused by: org.springframework.beans.factory.BeanCreationException: Error creating bean with name 'org.springframework.security.authentication.ProviderManager#0': Cannot resolve reference to bean 'org.springframework.security.config.authentication.AuthenticationManagerFactoryBean#0' while setting constructor argument; nested exception is org.springframework.beans.factory.BeanCreationException: Error creating bean with name 'org.springframework.security.config.authentication.AuthenticationManagerFactoryBean#0': FactoryBean threw exception on object creation; nested exception is org.springframework.beans.factory.NoSuchBeanDefinitionException: No bean named 'org.springframework.security.authenticationManager' available: Did you forget to add a global <authentication-manager> element to your configuration (with child <authentication-provider> elements)? Alternatively you can use the authentication-manager-ref attribute on your <http> and <global-method-security> elements.
Caused by: org.springframework.beans.factory.BeanCreationException: Error creating bean with name 'org.springframework.security.config.authentication.AuthenticationManagerFactoryBean#0': FactoryBean threw exception on object creation; nested exception is org.springframework.beans.factory.NoSuchBeanDefinitionException: No bean named 'org.springframework.security.authenticationManager' available: Did you forget to add a global <authentication-manager> element to your configuration (with child <authentication-provider> elements)? Alternatively you can use the authentication-manager-ref attribute on your <http> and <global-method-security> elements.
Caused by: org.springframework.beans.factory.NoSuchBeanDefinitionException: No bean named 'org.springframework.security.authenticationManager' available: Did you forget to add a global <authentication-manager> element to your configuration (with child <authentication-provider> elements)? Alternatively you can use the authentication-manager-ref attribute on your <http> and <global-method-security> elements.

