<?xml version="1.0" encoding="UTF-8"?>
<testsuite xmlns:xsi="http://www.w3.org/2001/XMLSchema-instance" xsi:noNamespaceSchemaLocation="https://maven.apache.org/surefire/maven-surefire-plugin/xsd/surefire-test-report.xsd" name="com.example.AppTest" time="0.759" tests="3" errors="3" skipped="0" failures="0">
  <properties>
[...]
</properties>
  <testcase name="testVisitHome" classname="com.example.AppTest" time="0.015">
    <error message="springSecurityFilterChain cannot be null. Ensure a Bean with the name springSecurityFilterChain implementing Filter is present or inject the Filter to be used." type="java.lang.IllegalStateException">java.lang.IllegalStateException: springSecurityFilterChain cannot be null. Ensure a Bean with the name springSecurityFilterChain implementing Filter is present or inject the Filter to be used.
	at com.example.AppTest.setup(AppTest.java:36)
</error>
    <system-err><![CDATA[Sep 30, 2023 7:38:26 AM org.springframework.test.context.support.AbstractTestContextBootstrapper getDefaultTestExecutionListenerClassNames
INFO: Loaded default TestExecutionListener class names from location [META-INF/spring.factories]: [org.springframework.test.context.web.ServletTestExecutionListener, org.springframework.test.context.support.DirtiesContextBeforeModesTestExecutionListener, org.springframework.test.context.support.DependencyInjectionTestExecutionListener, org.springframework.test.context.support.DirtiesContextTestExecutionListener, org.springframework.test.context.transaction.TransactionalTestExecutionListener, org.springframework.test.context.jdbc.SqlScriptsTestExecutionListener, org.springframework.test.context.event.EventPublishingTestExecutionListener, org.springframework.security.test.context.support.WithSecurityContextTestExecutionListener, org.springframework.security.test.context.support.ReactorContextTestExecutionListener]
Sep 30, 2023 7:38:26 AM org.springframework.test.context.support.AbstractTestContextBootstrapper getTestExecutionListeners
INFO: Using TestExecutionListeners: [org.springframework.test.context.web.ServletTestExecutionListener@221af3c0, org.springframework.test.context.support.DirtiesContextBeforeModesTestExecutionListener@62bd765, org.springframework.test.context.support.DependencyInjectionTestExecutionListener@23a5fd2, org.springframework.test.context.support.DirtiesContextTestExecutionListener@78a2da20, org.springframework.test.context.event.EventPublishingTestExecutionListener@dd3b207, org.springframework.security.test.context.support.WithSecurityContextTestExecutionListener@551bdc27, org.springframework.security.test.context.support.ReactorContextTestExecutionListener@58fdd99]
]]></system-err>
  </testcase>
  <testcase name="testAuthenticationWithInvalidPassword" classname="com.example.AppTest" time="0.001">
    <error message="springSecurityFilterChain cannot be null. Ensure a Bean with the name springSecurityFilterChain implementing Filter is present or inject the Filter to be used." type="java.lang.IllegalStateException">java.lang.IllegalStateException: springSecurityFilterChain cannot be null. Ensure a Bean with the name springSecurityFilterChain implementing Filter is present or inject the Filter to be used.
	at com.example.AppTest.setup(AppTest.java:36)
</error>
  </testcase>
  <testcase name="testAuthenticationWithCorrectUsernameAndPassword" classname="com.example.AppTest" time="0.001">
    <error message="springSecurityFilterChain cannot be null. Ensure a Bean with the name springSecurityFilterChain implementing Filter is present or inject the Filter to be used." type="java.lang.IllegalStateException">java.lang.IllegalStateException: springSecurityFilterChain cannot be null. Ensure a Bean with the name springSecurityFilterChain implementing Filter is present or inject the Filter to be used.
	at com.example.AppTest.setup(AppTest.java:36)
</error>
  </testcase>
</testsuite>